<?xml version="1.0" encoding="UTF-8"?>
<testsuite name="com.glenn.book.springboot.domain.posts.PostsRepositoryTest" tests="2" skipped="0" failures="0" errors="0" timestamp="2020-11-11T05:18:58" hostname="DESKTOP-B9EBNNO" time="0.229">
  <properties/>
  <testcase name="findTest" classname="com.glenn.book.springboot.domain.posts.PostsRepositoryTest" time="0.219"/>
  <testcase name="dateTest" classname="com.glenn.book.springboot.domain.posts.PostsRepositoryTest" time="0.009"/>
  <system-out><![CDATA[14:18:52.344 [Test worker] DEBUG org.springframework.test.context.junit4.SpringJUnit4ClassRunner - SpringJUnit4ClassRunner constructor called with [class com.glenn.book.springboot.domain.posts.PostsRepositoryTest]
14:18:52.355 [Test worker] DEBUG org.springframework.test.context.BootstrapUtils - Instantiating CacheAwareContextLoaderDelegate from class [org.springframework.test.context.cache.DefaultCacheAwareContextLoaderDelegate]
14:18:52.369 [Test worker] DEBUG org.springframework.test.context.BootstrapUtils - Instantiating BootstrapContext using constructor [public org.springframework.test.context.support.DefaultBootstrapContext(java.lang.Class,org.springframework.test.context.CacheAwareContextLoaderDelegate)]
14:18:52.394 [Test worker] DEBUG org.springframework.test.context.BootstrapUtils - Instantiating TestContextBootstrapper for test class [com.glenn.book.springboot.domain.posts.PostsRepositoryTest] from class [org.springframework.boot.test.context.SpringBootTestContextBootstrapper]
14:18:52.410 [Test worker] INFO org.springframework.boot.test.context.SpringBootTestContextBootstrapper - Neither @ContextConfiguration nor @ContextHierarchy found for test class [com.glenn.book.springboot.domain.posts.PostsRepositoryTest], using SpringBootContextLoader
14:18:52.416 [Test worker] DEBUG org.springframework.test.context.support.AbstractContextLoader - Did not detect default resource location for test class [com.glenn.book.springboot.domain.posts.PostsRepositoryTest]: class path resource [com/glenn/book/springboot/domain/posts/PostsRepositoryTest-context.xml] does not exist
14:18:52.417 [Test worker] DEBUG org.springframework.test.context.support.AbstractContextLoader - Did not detect default resource location for test class [com.glenn.book.springboot.domain.posts.PostsRepositoryTest]: class path resource [com/glenn/book/springboot/domain/posts/PostsRepositoryTestContext.groovy] does not exist
14:18:52.418 [Test worker] INFO org.springframework.test.context.support.AbstractContextLoader - Could not detect default resource locations for test class [com.glenn.book.springboot.domain.posts.PostsRepositoryTest]: no resource found for suffixes {-context.xml, Context.groovy}.
14:18:52.419 [Test worker] INFO org.springframework.test.context.support.AnnotationConfigContextLoaderUtils - Could not detect default configuration classes for test class [com.glenn.book.springboot.domain.posts.PostsRepositoryTest]: PostsRepositoryTest does not declare any static, non-private, non-final, nested classes annotated with @Configuration.
14:18:52.471 [Test worker] DEBUG org.springframework.test.context.support.ActiveProfilesUtils - Could not find an 'annotation declaring class' for annotation type [org.springframework.test.context.ActiveProfiles] and class [com.glenn.book.springboot.domain.posts.PostsRepositoryTest]
14:18:52.568 [Test worker] DEBUG org.springframework.context.annotation.ClassPathScanningCandidateComponentProvider - Identified candidate component class: file [C:\Users\glenn\Desktop\Jinhong\git\springboot-webservice-freelec\build\classes\java\main\com\glenn\book\springboot\Application.class]
14:18:52.569 [Test worker] INFO org.springframework.boot.test.context.SpringBootTestContextBootstrapper - Found @SpringBootConfiguration com.glenn.book.springboot.Application for test class com.glenn.book.springboot.domain.posts.PostsRepositoryTest
14:18:52.679 [Test worker] DEBUG org.springframework.boot.test.context.SpringBootTestContextBootstrapper - @TestExecutionListeners is not present for class [com.glenn.book.springboot.domain.posts.PostsRepositoryTest]: using defaults.
14:18:52.680 [Test worker] INFO org.springframework.boot.test.context.SpringBootTestContextBootstrapper - Loaded default TestExecutionListener class names from location [META-INF/spring.factories]: [org.springframework.security.test.context.support.WithSecurityContextTestExecutionListener, org.springframework.security.test.context.support.ReactorContextTestExecutionListener, org.springframework.boot.test.autoconfigure.restdocs.RestDocsTestExecutionListener, org.springframework.boot.test.autoconfigure.web.client.MockRestServiceServerResetTestExecutionListener, org.springframework.boot.test.autoconfigure.web.servlet.MockMvcPrintOnlyOnFailureTestExecutionListener, org.springframework.boot.test.autoconfigure.web.servlet.WebDriverTestExecutionListener, org.springframework.boot.test.mock.mockito.MockitoTestExecutionListener, org.springframework.boot.test.mock.mockito.ResetMocksTestExecutionListener, org.springframework.test.context.web.ServletTestExecutionListener, org.springframework.test.context.support.DirtiesContextBeforeModesTestExecutionListener, org.springframework.test.context.support.DependencyInjectionTestExecutionListener, org.springframework.test.context.support.DirtiesContextTestExecutionListener, org.springframework.test.context.transaction.TransactionalTestExecutionListener, org.springframework.test.context.jdbc.SqlScriptsTestExecutionListener]
14:18:52.713 [Test worker] INFO org.springframework.boot.test.context.SpringBootTestContextBootstrapper - Using TestExecutionListeners: [org.springframework.test.context.web.ServletTestExecutionListener@3a66381a, org.springframework.test.context.support.DirtiesContextBeforeModesTestExecutionListener@5d40c789, org.springframework.boot.test.mock.mockito.MockitoTestExecutionListener@54b0266e, org.springframework.boot.test.autoconfigure.SpringBootDependencyInjectionTestExecutionListener@586646c6, org.springframework.test.context.support.DirtiesContextTestExecutionListener@534b0338, org.springframework.test.context.transaction.TransactionalTestExecutionListener@8ecea57, org.springframework.test.context.jdbc.SqlScriptsTestExecutionListener@5dba3e72, org.springframework.security.test.context.support.WithSecurityContextTestExecutionListener@37800375, org.springframework.security.test.context.support.ReactorContextTestExecutionListener@3c59847e, org.springframework.boot.test.autoconfigure.restdocs.RestDocsTestExecutionListener@53886ff0, org.springframework.boot.test.autoconfigure.web.client.MockRestServiceServerResetTestExecutionListener@5fcd825d, org.springframework.boot.test.autoconfigure.web.servlet.MockMvcPrintOnlyOnFailureTestExecutionListener@68e1b97a, org.springframework.boot.test.autoconfigure.web.servlet.WebDriverTestExecutionListener@186baa6c, org.springframework.boot.test.mock.mockito.ResetMocksTestExecutionListener@88cb17e]
14:18:52.716 [Test worker] DEBUG org.springframework.test.annotation.ProfileValueUtils - Retrieved @ProfileValueSourceConfiguration [null] for test class [com.glenn.book.springboot.domain.posts.PostsRepositoryTest]
14:18:52.717 [Test worker] DEBUG org.springframework.test.annotation.ProfileValueUtils - Retrieved ProfileValueSource type [class org.springframework.test.annotation.SystemProfileValueSource] for class [com.glenn.book.springboot.domain.posts.PostsRepositoryTest]
14:18:52.717 [Test worker] DEBUG org.springframework.test.annotation.ProfileValueUtils - Retrieved @ProfileValueSourceConfiguration [null] for test class [com.glenn.book.springboot.domain.posts.PostsRepositoryTest]
14:18:52.718 [Test worker] DEBUG org.springframework.test.annotation.ProfileValueUtils - Retrieved ProfileValueSource type [class org.springframework.test.annotation.SystemProfileValueSource] for class [com.glenn.book.springboot.domain.posts.PostsRepositoryTest]
14:18:52.723 [Test worker] DEBUG org.springframework.test.context.support.AbstractDirtiesContextTestExecutionListener - Before test class: context [DefaultTestContext@cabf4a1 testClass = PostsRepositoryTest, testInstance = [null], testMethod = [null], testException = [null], mergedContextConfiguration = [WebMergedContextConfiguration@5f935d29 testClass = PostsRepositoryTest, locations = '{}', classes = '{class com.glenn.book.springboot.Application}', contextInitializerClasses = '[]', activeProfiles = '{}', propertySourceLocations = '{}', propertySourceProperties = '{org.springframework.boot.test.context.SpringBootTestContextBootstrapper=true}', contextCustomizers = set[org.springframework.boot.test.autoconfigure.properties.PropertyMappingContextCustomizer@0, org.springframework.boot.test.autoconfigure.web.servlet.WebDriverContextCustomizerFactory$Customizer@6c3e5cef, org.springframework.boot.test.context.filter.ExcludeFilterContextCustomizer@56f0e2f0, org.springframework.boot.test.json.DuplicateJsonObjectContextCustomizerFactory$DuplicateJsonObjectContextCustomizer@16bd1e77, org.springframework.boot.test.mock.mockito.MockitoContextCustomizer@0, org.springframework.boot.test.web.client.TestRestTemplateContextCustomizer@1118f219], resourceBasePath = 'src/main/webapp', contextLoader = 'org.springframework.boot.test.context.SpringBootContextLoader', parent = [null]], attributes = map['org.springframework.test.context.web.ServletTestExecutionListener.activateListener' -> true]], class annotated with @DirtiesContext [false] with mode [null].
14:18:52.724 [Test worker] DEBUG org.springframework.test.annotation.ProfileValueUtils - Retrieved @ProfileValueSourceConfiguration [null] for test class [com.glenn.book.springboot.domain.posts.PostsRepositoryTest]
14:18:52.724 [Test worker] DEBUG org.springframework.test.annotation.ProfileValueUtils - Retrieved ProfileValueSource type [class org.springframework.test.annotation.SystemProfileValueSource] for class [com.glenn.book.springboot.domain.posts.PostsRepositoryTest]
14:18:52.747 [Test worker] DEBUG org.springframework.test.context.support.TestPropertySourceUtils - Adding inlined properties to environment: {spring.jmx.enabled=false, org.springframework.boot.test.context.SpringBootTestContextBootstrapper=true, server.port=-1}

  .   ____          _            __ _ _
 /\\ / ___'_ __ _ _(_)_ __  __ _ \ \ \ \
( ( )\___ | '_ | '_| | '_ \/ _` | \ \ \ \
 \\/  ___)| |_)| | | | | || (_| |  ) ) ) )
  '  |____| .__|_| |_|_| |_\__, | / / / /
 =========|_|==============|___/=/_/_/_/
 :: Spring Boot ::        (v2.1.7.RELEASE)

2020-11-11 14:18:52.986  INFO 28504 --- [    Test worker] c.g.b.s.d.posts.PostsRepositoryTest      : Starting PostsRepositoryTest on DESKTOP-B9EBNNO with PID 28504 (started by glenn in C:\Users\glenn\Desktop\Jinhong\git\springboot-webservice-freelec)
2020-11-11 14:18:52.987  INFO 28504 --- [    Test worker] c.g.b.s.d.posts.PostsRepositoryTest      : No active profile set, falling back to default profiles: default
2020-11-11 14:18:53.735  INFO 28504 --- [    Test worker] .s.d.r.c.RepositoryConfigurationDelegate : Bootstrapping Spring Data repositories in DEFAULT mode.
2020-11-11 14:18:53.818  INFO 28504 --- [    Test worker] .s.d.r.c.RepositoryConfigurationDelegate : Finished Spring Data repository scanning in 76ms. Found 2 repository interfaces.
2020-11-11 14:18:54.290  INFO 28504 --- [    Test worker] trationDelegate$BeanPostProcessorChecker : Bean 'org.springframework.transaction.annotation.ProxyTransactionManagementConfiguration' of type [org.springframework.transaction.annotation.ProxyTransactionManagementConfiguration$$EnhancerBySpringCGLIB$$5617fc45] is not eligible for getting processed by all BeanPostProcessors (for example: not eligible for auto-proxying)
2020-11-11 14:18:54.501  INFO 28504 --- [    Test worker] com.zaxxer.hikari.HikariDataSource       : HikariPool-1 - Starting...
2020-11-11 14:18:54.649  INFO 28504 --- [    Test worker] com.zaxxer.hikari.HikariDataSource       : HikariPool-1 - Start completed.
2020-11-11 14:18:54.735  INFO 28504 --- [    Test worker] o.hibernate.jpa.internal.util.LogHelper  : HHH000204: Processing PersistenceUnitInfo [
	name: default
	...]
2020-11-11 14:18:54.809  INFO 28504 --- [    Test worker] org.hibernate.Version                    : HHH000412: Hibernate Core {5.3.10.Final}
2020-11-11 14:18:54.810  INFO 28504 --- [    Test worker] org.hibernate.cfg.Environment            : HHH000206: hibernate.properties not found
2020-11-11 14:18:54.975  INFO 28504 --- [    Test worker] o.hibernate.annotations.common.Version   : HCANN000001: Hibernate Commons Annotations {5.0.4.Final}
2020-11-11 14:18:55.150  INFO 28504 --- [    Test worker] org.hibernate.dialect.Dialect            : HHH000400: Using dialect: org.hibernate.dialect.MySQL5InnoDBDialect
Hibernate: drop table if exists posts
Hibernate: drop table if exists user
Hibernate: create table posts (id bigint not null auto_increment, created_date datetime, modified_date datetime, author varchar(255), content TEXT not null, title varchar(500) not null, primary key (id)) engine=InnoDB
Hibernate: create table user (id bigint not null auto_increment, created_date datetime, modified_date datetime, email varchar(255) not null, name varchar(255) not null, picture varchar(255), role varchar(255) not null, primary key (id)) engine=InnoDB
2020-11-11 14:18:55.837  INFO 28504 --- [    Test worker] o.h.t.schema.internal.SchemaCreatorImpl  : HHH000476: Executing import script 'org.hibernate.tool.schema.internal.exec.ScriptSourceInputNonExistentImpl@7b066507'
2020-11-11 14:18:55.840  INFO 28504 --- [    Test worker] j.LocalContainerEntityManagerFactoryBean : Initialized JPA EntityManagerFactory for persistence unit 'default'
2020-11-11 14:18:56.353  INFO 28504 --- [    Test worker] o.h.h.i.QueryTranslatorFactoryInitiator  : HHH000397: Using ASTQueryTranslatorFactory
2020-11-11 14:18:57.001  INFO 28504 --- [    Test worker] o.s.s.web.DefaultSecurityFilterChain     : Creating filter chain: any request, [org.springframework.security.web.context.request.async.WebAsyncManagerIntegrationFilter@4bf43fa9, org.springframework.security.web.context.SecurityContextPersistenceFilter@4cfdca40, org.springframework.security.web.header.HeaderWriterFilter@13cb6b3c, org.springframework.security.web.authentication.logout.LogoutFilter@a461c1d, org.springframework.security.oauth2.client.web.OAuth2AuthorizationRequestRedirectFilter@593416a, org.springframework.security.oauth2.client.web.OAuth2LoginAuthenticationFilter@4d1c5251, org.springframework.security.web.authentication.ui.DefaultLoginPageGeneratingFilter@18ea9e63, org.springframework.security.web.authentication.ui.DefaultLogoutPageGeneratingFilter@79475588, org.springframework.security.web.savedrequest.RequestCacheAwareFilter@56f3dfc8, org.springframework.security.web.servletapi.SecurityContextHolderAwareRequestFilter@3584a933, org.springframework.security.web.authentication.AnonymousAuthenticationFilter@95c76bd, org.springframework.security.web.session.SessionManagementFilter@58481009, org.springframework.security.web.access.ExceptionTranslationFilter@2422e160, org.springframework.security.web.access.intercept.FilterSecurityInterceptor@6c7ed48]
2020-11-11 14:18:57.535  INFO 28504 --- [    Test worker] o.s.s.concurrent.ThreadPoolTaskExecutor  : Initializing ExecutorService 'applicationTaskExecutor'
2020-11-11 14:18:57.590  WARN 28504 --- [    Test worker] aWebConfiguration$JpaWebMvcConfiguration : spring.jpa.open-in-view is enabled by default. Therefore, database queries may be performed during view rendering. Explicitly configure spring.jpa.open-in-view to disable this warning
2020-11-11 14:18:57.642  INFO 28504 --- [    Test worker] o.s.b.a.w.s.WelcomePageHandlerMapping    : Adding welcome page template: index
2020-11-11 14:18:58.288  INFO 28504 --- [    Test worker] s.a.ScheduledAnnotationBeanPostProcessor : No TaskScheduler/ScheduledExecutorService bean found for scheduled processing
2020-11-11 14:18:58.297  INFO 28504 --- [    Test worker] c.g.b.s.d.posts.PostsRepositoryTest      : Started PostsRepositoryTest in 5.542 seconds (JVM running for 7.382)
Hibernate: insert into posts (created_date, modified_date, author, content, title) values (?, ?, ?, ?, ?)
Hibernate: select posts0_.id as id1_0_, posts0_.created_date as created_2_0_, posts0_.modified_date as modified3_0_, posts0_.author as author4_0_, posts0_.content as content5_0_, posts0_.title as title6_0_ from posts posts0_
Hibernate: select posts0_.id as id1_0_, posts0_.created_date as created_2_0_, posts0_.modified_date as modified3_0_, posts0_.author as author4_0_, posts0_.content as content5_0_, posts0_.title as title6_0_ from posts posts0_
Hibernate: delete from posts where id=?
Hibernate: insert into posts (created_date, modified_date, author, content, title) values (?, ?, ?, ?, ?)
Hibernate: select posts0_.id as id1_0_, posts0_.created_date as created_2_0_, posts0_.modified_date as modified3_0_, posts0_.author as author4_0_, posts0_.content as content5_0_, posts0_.title as title6_0_ from posts posts0_
Hibernate: select posts0_.id as id1_0_, posts0_.created_date as created_2_0_, posts0_.modified_date as modified3_0_, posts0_.author as author4_0_, posts0_.content as content5_0_, posts0_.title as title6_0_ from posts posts0_
Hibernate: delete from posts where id=?
]]></system-out>
  <system-err><![CDATA[]]></system-err>
</testsuite>
