<?xml version="1.0" encoding="UTF-8"?>
<testsuite name="com.glenn.book.springboot.domain.posts.PostsRepositoryTest" tests="2" skipped="0" failures="0"
           errors="0" timestamp="2020-05-08T18:20:57" hostname="DESKTOP-B9EBNNO" time="0.107">
    <properties/>
    <testcase name="findTest" classname="com.glenn.book.springboot.domain.posts.PostsRepositoryTest" time="0.1"/>
    <testcase name="dateTest" classname="com.glenn.book.springboot.domain.posts.PostsRepositoryTest" time="0.006"/>
    <system-out><![CDATA[2020-05-09 03:20:56.443  INFO 32392 --- [    Test worker] .b.t.c.SpringBootTestContextBootstrapper : Neither @ContextConfiguration nor @ContextHierarchy found for test class [com.glenn.book.springboot.domain.posts.PostsRepositoryTest], using SpringBootContextLoader
2020-05-09 03:20:56.443  INFO 32392 --- [    Test worker] o.s.t.c.support.AbstractContextLoader    : Could not detect default resource locations for test class [com.glenn.book.springboot.domain.posts.PostsRepositoryTest]: no resource found for suffixes {-context.xml, Context.groovy}.
2020-05-09 03:20:56.444  INFO 32392 --- [    Test worker] t.c.s.AnnotationConfigContextLoaderUtils : Could not detect default configuration classes for test class [com.glenn.book.springboot.domain.posts.PostsRepositoryTest]: PostsRepositoryTest does not declare any static, non-private, non-final, nested classes annotated with @Configuration.
2020-05-09 03:20:56.454  INFO 32392 --- [    Test worker] .b.t.c.SpringBootTestContextBootstrapper : Found @SpringBootConfiguration com.glenn.book.springboot.Application for test class com.glenn.book.springboot.domain.posts.PostsRepositoryTest
2020-05-09 03:20:56.455  INFO 32392 --- [    Test worker] .b.t.c.SpringBootTestContextBootstrapper : Loaded default TestExecutionListener class names from location [META-INF/spring.factories]: [org.springframework.security.test.context.support.WithSecurityContextTestExecutionListener, org.springframework.security.test.context.support.ReactorContextTestExecutionListener, org.springframework.boot.test.autoconfigure.restdocs.RestDocsTestExecutionListener, org.springframework.boot.test.autoconfigure.web.client.MockRestServiceServerResetTestExecutionListener, org.springframework.boot.test.autoconfigure.web.servlet.MockMvcPrintOnlyOnFailureTestExecutionListener, org.springframework.boot.test.autoconfigure.web.servlet.WebDriverTestExecutionListener, org.springframework.boot.test.mock.mockito.MockitoTestExecutionListener, org.springframework.boot.test.mock.mockito.ResetMocksTestExecutionListener, org.springframework.test.context.web.ServletTestExecutionListener, org.springframework.test.context.support.DirtiesContextBeforeModesTestExecutionListener, org.springframework.test.context.support.DependencyInjectionTestExecutionListener, org.springframework.test.context.support.DirtiesContextTestExecutionListener, org.springframework.test.context.transaction.TransactionalTestExecutionListener, org.springframework.test.context.jdbc.SqlScriptsTestExecutionListener]
2020-05-09 03:20:56.456  INFO 32392 --- [    Test worker] .b.t.c.SpringBootTestContextBootstrapper : Using TestExecutionListeners: [org.springframework.test.context.web.ServletTestExecutionListener@3efc7a4, org.springframework.test.context.support.DirtiesContextBeforeModesTestExecutionListener@58e7a39e, org.springframework.boot.test.mock.mockito.MockitoTestExecutionListener@549cb608, org.springframework.boot.test.autoconfigure.SpringBootDependencyInjectionTestExecutionListener@51132216, org.springframework.test.context.support.DirtiesContextTestExecutionListener@2cbc0d77, org.springframework.test.context.transaction.TransactionalTestExecutionListener@49a2b02d, org.springframework.test.context.jdbc.SqlScriptsTestExecutionListener@783f63e7, org.springframework.security.test.context.support.WithSecurityContextTestExecutionListener@3074ed64, org.springframework.security.test.context.support.ReactorContextTestExecutionListener@7cef99a8, org.springframework.boot.test.autoconfigure.restdocs.RestDocsTestExecutionListener@20907dc0, org.springframework.boot.test.autoconfigure.web.client.MockRestServiceServerResetTestExecutionListener@23b3126e, org.springframework.boot.test.autoconfigure.web.servlet.MockMvcPrintOnlyOnFailureTestExecutionListener@34bbd4b1, org.springframework.boot.test.autoconfigure.web.servlet.WebDriverTestExecutionListener@34193957, org.springframework.boot.test.mock.mockito.ResetMocksTestExecutionListener@17443c69]

  .   ____          _            __ _ _
 /\\ / ___'_ __ _ _(_)_ __  __ _ \ \ \ \
( ( )\___ | '_ | '_| | '_ \/ _` | \ \ \ \
 \\/  ___)| |_)| | | | | || (_| |  ) ) ) )
  '  |____| .__|_| |_|_| |_\__, | / / / /
 =========|_|==============|___/=/_/_/_/
 :: Spring Boot ::        (v2.1.7.RELEASE)

2020-05-09 03:20:56.485  INFO 32392 --- [    Test worker] c.g.b.s.d.posts.PostsRepositoryTest      : Starting PostsRepositoryTest on DESKTOP-B9EBNNO with PID 32392 (started by glenn in C:\Users\glenn\Desktop\Jinhong\git\springboot-webservice-freelec)
2020-05-09 03:20:56.486  INFO 32392 --- [    Test worker] c.g.b.s.d.posts.PostsRepositoryTest      : No active profile set, falling back to default profiles: default
2020-05-09 03:20:56.681  INFO 32392 --- [    Test worker] .s.d.r.c.RepositoryConfigurationDelegate : Bootstrapping Spring Data repositories in DEFAULT mode.
2020-05-09 03:20:56.707  INFO 32392 --- [    Test worker] .s.d.r.c.RepositoryConfigurationDelegate : Finished Spring Data repository scanning in 26ms. Found 2 repository interfaces.
2020-05-09 03:20:56.794  INFO 32392 --- [    Test worker] trationDelegate$BeanPostProcessorChecker : Bean 'org.springframework.transaction.annotation.ProxyTransactionManagementConfiguration' of type [org.springframework.transaction.annotation.ProxyTransactionManagementConfiguration$$EnhancerBySpringCGLIB$$3e58a3f4] is not eligible for getting processed by all BeanPostProcessors (for example: not eligible for auto-proxying)
2020-05-09 03:20:56.872  INFO 32392 --- [    Test worker] com.zaxxer.hikari.HikariDataSource       : HikariPool-2 - Starting...
2020-05-09 03:20:56.872  INFO 32392 --- [    Test worker] com.zaxxer.hikari.HikariDataSource       : HikariPool-2 - Start completed.
2020-05-09 03:20:56.899  INFO 32392 --- [    Test worker] o.hibernate.jpa.internal.util.LogHelper  : HHH000204: Processing PersistenceUnitInfo [
	name: default
	...]
2020-05-09 03:20:56.911  INFO 32392 --- [    Test worker] org.hibernate.dialect.Dialect            : HHH000400: Using dialect: org.hibernate.dialect.MySQL5InnoDBDialect
Hibernate: drop table if exists posts
Hibernate: drop table if exists user
Hibernate: create table posts (id bigint not null auto_increment, created_date datetime, modified_date datetime, author varchar(255), content TEXT not null, title varchar(500) not null, primary key (id)) engine=InnoDB
Hibernate: create table user (id bigint not null auto_increment, created_date datetime, modified_date datetime, email varchar(255) not null, name varchar(255) not null, picture varchar(255), role varchar(255) not null, primary key (id)) engine=InnoDB
2020-05-09 03:20:56.949  INFO 32392 --- [    Test worker] o.h.t.schema.internal.SchemaCreatorImpl  : HHH000476: Executing import script 'org.hibernate.tool.schema.internal.exec.ScriptSourceInputNonExistentImpl@696283af'
2020-05-09 03:20:56.949  INFO 32392 --- [    Test worker] j.LocalContainerEntityManagerFactoryBean : Initialized JPA EntityManagerFactory for persistence unit 'default'
2020-05-09 03:20:57.111  INFO 32392 --- [    Test worker] o.h.h.i.QueryTranslatorFactoryInitiator  : HHH000397: Using ASTQueryTranslatorFactory
2020-05-09 03:20:57.245  INFO 32392 --- [    Test worker] o.s.s.web.DefaultSecurityFilterChain     : Creating filter chain: any request, [org.springframework.security.web.context.request.async.WebAsyncManagerIntegrationFilter@4f7aacb5, org.springframework.security.web.context.SecurityContextPersistenceFilter@79283eb0, org.springframework.security.web.header.HeaderWriterFilter@6ba596a7, org.springframework.security.web.authentication.logout.LogoutFilter@663670cc, org.springframework.security.oauth2.client.web.OAuth2AuthorizationRequestRedirectFilter@6e74dfff, org.springframework.security.oauth2.client.web.OAuth2LoginAuthenticationFilter@4068b894, org.springframework.security.web.authentication.ui.DefaultLoginPageGeneratingFilter@5ed31818, org.springframework.security.web.authentication.ui.DefaultLogoutPageGeneratingFilter@5cc82940, org.springframework.security.web.savedrequest.RequestCacheAwareFilter@615052c9, org.springframework.security.web.servletapi.SecurityContextHolderAwareRequestFilter@2687f0ea, org.springframework.security.web.authentication.AnonymousAuthenticationFilter@140b9e01, org.springframework.security.web.session.SessionManagementFilter@26abd0e2, org.springframework.security.web.access.ExceptionTranslationFilter@6b3e7bdf, org.springframework.security.web.access.intercept.FilterSecurityInterceptor@53880527]
2020-05-09 03:20:57.523  INFO 32392 --- [    Test worker] o.s.s.concurrent.ThreadPoolTaskExecutor  : Initializing ExecutorService 'applicationTaskExecutor'
2020-05-09 03:20:57.536  WARN 32392 --- [    Test worker] aWebConfiguration$JpaWebMvcConfiguration : spring.jpa.open-in-view is enabled by default. Therefore, database queries may be performed during view rendering. Explicitly configure spring.jpa.open-in-view to disable this warning
2020-05-09 03:20:57.564  INFO 32392 --- [    Test worker] o.s.b.a.w.s.WelcomePageHandlerMapping    : Adding welcome page template: index
2020-05-09 03:20:57.906  INFO 32392 --- [    Test worker] s.a.ScheduledAnnotationBeanPostProcessor : No TaskScheduler/ScheduledExecutorService bean found for scheduled processing
2020-05-09 03:20:57.907  INFO 32392 --- [    Test worker] c.g.b.s.d.posts.PostsRepositoryTest      : Started PostsRepositoryTest in 1.445 seconds (JVM running for 9.234)
Hibernate: insert into posts (created_date, modified_date, author, content, title) values (?, ?, ?, ?, ?)
Hibernate: select posts0_.id as id1_0_, posts0_.created_date as created_2_0_, posts0_.modified_date as modified3_0_, posts0_.author as author4_0_, posts0_.content as content5_0_, posts0_.title as title6_0_ from posts posts0_
Hibernate: select posts0_.id as id1_0_, posts0_.created_date as created_2_0_, posts0_.modified_date as modified3_0_, posts0_.author as author4_0_, posts0_.content as content5_0_, posts0_.title as title6_0_ from posts posts0_
Hibernate: delete from posts where id=?
Hibernate: insert into posts (created_date, modified_date, author, content, title) values (?, ?, ?, ?, ?)
Hibernate: select posts0_.id as id1_0_, posts0_.created_date as created_2_0_, posts0_.modified_date as modified3_0_, posts0_.author as author4_0_, posts0_.content as content5_0_, posts0_.title as title6_0_ from posts posts0_
Hibernate: select posts0_.id as id1_0_, posts0_.created_date as created_2_0_, posts0_.modified_date as modified3_0_, posts0_.author as author4_0_, posts0_.content as content5_0_, posts0_.title as title6_0_ from posts posts0_
Hibernate: delete from posts where id=?
]]></system-out>
    <system-err><![CDATA[]]></system-err>
</testsuite>
