<?xml version="1.0" encoding="UTF-8"?>
<testsuite name="com.glenn.book.springboot.web.PostsApiControllerTest" tests="2" skipped="0" failures="0" errors="0" timestamp="2020-09-15T08:16:06" hostname="DESKTOP-B9EBNNO" time="0.158">
  <properties/>
  <testcase name="saveTest" classname="com.glenn.book.springboot.web.PostsApiControllerTest" time="0.133"/>
  <testcase name="updateTest" classname="com.glenn.book.springboot.web.PostsApiControllerTest" time="0.024"/>
  <system-out><![CDATA[2020-09-15 17:16:06.127  INFO 5728 --- [    Test worker] .b.t.c.SpringBootTestContextBootstrapper : Neither @ContextConfiguration nor @ContextHierarchy found for test class [com.glenn.book.springboot.web.PostsApiControllerTest], using SpringBootContextLoader
2020-09-15 17:16:06.128  INFO 5728 --- [    Test worker] o.s.t.c.support.AbstractContextLoader    : Could not detect default resource locations for test class [com.glenn.book.springboot.web.PostsApiControllerTest]: no resource found for suffixes {-context.xml, Context.groovy}.
2020-09-15 17:16:06.128  INFO 5728 --- [    Test worker] t.c.s.AnnotationConfigContextLoaderUtils : Could not detect default configuration classes for test class [com.glenn.book.springboot.web.PostsApiControllerTest]: PostsApiControllerTest does not declare any static, non-private, non-final, nested classes annotated with @Configuration.
2020-09-15 17:16:06.129  INFO 5728 --- [    Test worker] .b.t.c.SpringBootTestContextBootstrapper : Found @SpringBootConfiguration com.glenn.book.springboot.Application for test class com.glenn.book.springboot.web.PostsApiControllerTest
2020-09-15 17:16:06.130  INFO 5728 --- [    Test worker] .b.t.c.SpringBootTestContextBootstrapper : Loaded default TestExecutionListener class names from location [META-INF/spring.factories]: [org.springframework.security.test.context.support.WithSecurityContextTestExecutionListener, org.springframework.security.test.context.support.ReactorContextTestExecutionListener, org.springframework.boot.test.autoconfigure.restdocs.RestDocsTestExecutionListener, org.springframework.boot.test.autoconfigure.web.client.MockRestServiceServerResetTestExecutionListener, org.springframework.boot.test.autoconfigure.web.servlet.MockMvcPrintOnlyOnFailureTestExecutionListener, org.springframework.boot.test.autoconfigure.web.servlet.WebDriverTestExecutionListener, org.springframework.boot.test.mock.mockito.MockitoTestExecutionListener, org.springframework.boot.test.mock.mockito.ResetMocksTestExecutionListener, org.springframework.test.context.web.ServletTestExecutionListener, org.springframework.test.context.support.DirtiesContextBeforeModesTestExecutionListener, org.springframework.test.context.support.DependencyInjectionTestExecutionListener, org.springframework.test.context.support.DirtiesContextTestExecutionListener, org.springframework.test.context.transaction.TransactionalTestExecutionListener, org.springframework.test.context.jdbc.SqlScriptsTestExecutionListener]
2020-09-15 17:16:06.131  INFO 5728 --- [    Test worker] .b.t.c.SpringBootTestContextBootstrapper : Using TestExecutionListeners: [org.springframework.test.context.web.ServletTestExecutionListener@e37732c, org.springframework.test.context.support.DirtiesContextBeforeModesTestExecutionListener@2405fbdb, org.springframework.boot.test.mock.mockito.MockitoTestExecutionListener@142e8bd0, org.springframework.boot.test.autoconfigure.SpringBootDependencyInjectionTestExecutionListener@1fbdeb4e, org.springframework.test.context.support.DirtiesContextTestExecutionListener@2a265586, org.springframework.test.context.transaction.TransactionalTestExecutionListener@21f6a83a, org.springframework.test.context.jdbc.SqlScriptsTestExecutionListener@41e6d7df, org.springframework.security.test.context.support.WithSecurityContextTestExecutionListener@31f1a336, org.springframework.security.test.context.support.ReactorContextTestExecutionListener@29635aeb, org.springframework.boot.test.autoconfigure.restdocs.RestDocsTestExecutionListener@3d408085, org.springframework.boot.test.autoconfigure.web.client.MockRestServiceServerResetTestExecutionListener@4a6ff0dd, org.springframework.boot.test.autoconfigure.web.servlet.MockMvcPrintOnlyOnFailureTestExecutionListener@76bb02b5, org.springframework.boot.test.autoconfigure.web.servlet.WebDriverTestExecutionListener@45bcba8b, org.springframework.boot.test.mock.mockito.ResetMocksTestExecutionListener@7cc14e11]
2020-09-15 17:16:06.150  INFO 5728 --- [    Test worker] o.a.c.c.C.[Tomcat].[localhost].[/]       : Initializing Spring TestDispatcherServlet ''
2020-09-15 17:16:06.150  INFO 5728 --- [    Test worker] o.s.t.web.servlet.TestDispatcherServlet  : Initializing Servlet ''
2020-09-15 17:16:06.152  INFO 5728 --- [    Test worker] o.s.t.web.servlet.TestDispatcherServlet  : Completed initialization in 2 ms
Hibernate: insert into posts (created_date, modified_date, author, content, title) values (?, ?, ?, ?, ?)
Hibernate: select posts0_.id as id1_0_, posts0_.created_date as created_2_0_, posts0_.modified_date as modified3_0_, posts0_.author as author4_0_, posts0_.content as content5_0_, posts0_.title as title6_0_ from posts posts0_
Hibernate: select posts0_.id as id1_0_, posts0_.created_date as created_2_0_, posts0_.modified_date as modified3_0_, posts0_.author as author4_0_, posts0_.content as content5_0_, posts0_.title as title6_0_ from posts posts0_
Hibernate: delete from posts where id=?
2020-09-15 17:16:06.271  INFO 5728 --- [    Test worker] o.a.c.c.C.[Tomcat].[localhost].[/]       : Initializing Spring TestDispatcherServlet ''
2020-09-15 17:16:06.271  INFO 5728 --- [    Test worker] o.s.t.web.servlet.TestDispatcherServlet  : Initializing Servlet ''
2020-09-15 17:16:06.273  INFO 5728 --- [    Test worker] o.s.t.web.servlet.TestDispatcherServlet  : Completed initialization in 2 ms
Hibernate: insert into posts (created_date, modified_date, author, content, title) values (?, ?, ?, ?, ?)
Hibernate: select posts0_.id as id1_0_0_, posts0_.created_date as created_2_0_0_, posts0_.modified_date as modified3_0_0_, posts0_.author as author4_0_0_, posts0_.content as content5_0_0_, posts0_.title as title6_0_0_ from posts posts0_ where posts0_.id=?
Hibernate: update posts set created_date=?, modified_date=?, author=?, content=?, title=? where id=?
Hibernate: select posts0_.id as id1_0_, posts0_.created_date as created_2_0_, posts0_.modified_date as modified3_0_, posts0_.author as author4_0_, posts0_.content as content5_0_, posts0_.title as title6_0_ from posts posts0_
Hibernate: select posts0_.id as id1_0_, posts0_.created_date as created_2_0_, posts0_.modified_date as modified3_0_, posts0_.author as author4_0_, posts0_.content as content5_0_, posts0_.title as title6_0_ from posts posts0_
Hibernate: delete from posts where id=?
]]></system-out>
  <system-err><![CDATA[]]></system-err>
</testsuite>
