<?xml version="1.0" encoding="UTF-8"?>
<testsuite name="com.glenn.book.springboot.web.IndexControllerTest" tests="1" skipped="0" failures="0" errors="0" timestamp="2020-09-15T08:16:05" hostname="DESKTOP-B9EBNNO" time="0.197">
  <properties/>
  <testcase name="loadTest" classname="com.glenn.book.springboot.web.IndexControllerTest" time="0.197"/>
  <system-out><![CDATA[2020-09-15 17:16:04.050  INFO 5728 --- [    Test worker] .b.t.c.SpringBootTestContextBootstrapper : Neither @ContextConfiguration nor @ContextHierarchy found for test class [com.glenn.book.springboot.web.IndexControllerTest], using SpringBootContextLoader
2020-09-15 17:16:04.051  INFO 5728 --- [    Test worker] o.s.t.c.support.AbstractContextLoader    : Could not detect default resource locations for test class [com.glenn.book.springboot.web.IndexControllerTest]: no resource found for suffixes {-context.xml, Context.groovy}.
2020-09-15 17:16:04.051  INFO 5728 --- [    Test worker] t.c.s.AnnotationConfigContextLoaderUtils : Could not detect default configuration classes for test class [com.glenn.book.springboot.web.IndexControllerTest]: IndexControllerTest does not declare any static, non-private, non-final, nested classes annotated with @Configuration.
2020-09-15 17:16:04.059  INFO 5728 --- [    Test worker] .b.t.c.SpringBootTestContextBootstrapper : Found @SpringBootConfiguration com.glenn.book.springboot.Application for test class com.glenn.book.springboot.web.IndexControllerTest
2020-09-15 17:16:04.060  INFO 5728 --- [    Test worker] .b.t.c.SpringBootTestContextBootstrapper : Loaded default TestExecutionListener class names from location [META-INF/spring.factories]: [org.springframework.security.test.context.support.WithSecurityContextTestExecutionListener, org.springframework.security.test.context.support.ReactorContextTestExecutionListener, org.springframework.boot.test.autoconfigure.restdocs.RestDocsTestExecutionListener, org.springframework.boot.test.autoconfigure.web.client.MockRestServiceServerResetTestExecutionListener, org.springframework.boot.test.autoconfigure.web.servlet.MockMvcPrintOnlyOnFailureTestExecutionListener, org.springframework.boot.test.autoconfigure.web.servlet.WebDriverTestExecutionListener, org.springframework.boot.test.mock.mockito.MockitoTestExecutionListener, org.springframework.boot.test.mock.mockito.ResetMocksTestExecutionListener, org.springframework.test.context.web.ServletTestExecutionListener, org.springframework.test.context.support.DirtiesContextBeforeModesTestExecutionListener, org.springframework.test.context.support.DependencyInjectionTestExecutionListener, org.springframework.test.context.support.DirtiesContextTestExecutionListener, org.springframework.test.context.transaction.TransactionalTestExecutionListener, org.springframework.test.context.jdbc.SqlScriptsTestExecutionListener]
2020-09-15 17:16:04.061  INFO 5728 --- [    Test worker] .b.t.c.SpringBootTestContextBootstrapper : Using TestExecutionListeners: [org.springframework.test.context.web.ServletTestExecutionListener@15325447, org.springframework.test.context.support.DirtiesContextBeforeModesTestExecutionListener@599eff90, org.springframework.boot.test.mock.mockito.MockitoTestExecutionListener@7c9f73a, org.springframework.boot.test.autoconfigure.SpringBootDependencyInjectionTestExecutionListener@197c505e, org.springframework.test.context.support.DirtiesContextTestExecutionListener@1eebbf5a, org.springframework.test.context.transaction.TransactionalTestExecutionListener@3027b168, org.springframework.test.context.jdbc.SqlScriptsTestExecutionListener@781fe071, org.springframework.security.test.context.support.WithSecurityContextTestExecutionListener@39ab18c, org.springframework.security.test.context.support.ReactorContextTestExecutionListener@4048cfca, org.springframework.boot.test.autoconfigure.restdocs.RestDocsTestExecutionListener@4de98a5a, org.springframework.boot.test.autoconfigure.web.client.MockRestServiceServerResetTestExecutionListener@4a72e7fe, org.springframework.boot.test.autoconfigure.web.servlet.MockMvcPrintOnlyOnFailureTestExecutionListener@1cb229ed, org.springframework.boot.test.autoconfigure.web.servlet.WebDriverTestExecutionListener@1a02932e, org.springframework.boot.test.mock.mockito.ResetMocksTestExecutionListener@1b38716e]

  .   ____          _            __ _ _
 /\\ / ___'_ __ _ _(_)_ __  __ _ \ \ \ \
( ( )\___ | '_ | '_| | '_ \/ _` | \ \ \ \
 \\/  ___)| |_)| | | | | || (_| |  ) ) ) )
  '  |____| .__|_| |_|_| |_\__, | / / / /
 =========|_|==============|___/=/_/_/_/
 :: Spring Boot ::        (v2.1.7.RELEASE)

2020-09-15 17:16:04.088  INFO 5728 --- [    Test worker] c.g.b.s.web.IndexControllerTest          : Starting IndexControllerTest on DESKTOP-B9EBNNO with PID 5728 (started by glenn in C:\Users\glenn\Desktop\Jinhong\git\springboot-webservice-freelec)
2020-09-15 17:16:04.089  INFO 5728 --- [    Test worker] c.g.b.s.web.IndexControllerTest          : No active profile set, falling back to default profiles: default
2020-09-15 17:16:04.269  INFO 5728 --- [    Test worker] .s.d.r.c.RepositoryConfigurationDelegate : Bootstrapping Spring Data repositories in DEFAULT mode.
2020-09-15 17:16:04.291  INFO 5728 --- [    Test worker] .s.d.r.c.RepositoryConfigurationDelegate : Finished Spring Data repository scanning in 21ms. Found 2 repository interfaces.
2020-09-15 17:16:04.374  INFO 5728 --- [    Test worker] trationDelegate$BeanPostProcessorChecker : Bean 'org.springframework.transaction.annotation.ProxyTransactionManagementConfiguration' of type [org.springframework.transaction.annotation.ProxyTransactionManagementConfiguration$$EnhancerBySpringCGLIB$$5617fc45] is not eligible for getting processed by all BeanPostProcessors (for example: not eligible for auto-proxying)
2020-09-15 17:16:04.595  INFO 5728 --- [    Test worker] o.s.b.w.embedded.tomcat.TomcatWebServer  : Tomcat initialized with port(s): 0 (http)
2020-09-15 17:16:04.621  INFO 5728 --- [    Test worker] o.apache.catalina.core.StandardService   : Starting service [Tomcat]
2020-09-15 17:16:04.621  INFO 5728 --- [    Test worker] org.apache.catalina.core.StandardEngine  : Starting Servlet engine: [Apache Tomcat/9.0.22]
2020-09-15 17:16:04.760  INFO 5728 --- [    Test worker] o.a.c.c.C.[Tomcat].[localhost].[/]       : Initializing Spring embedded WebApplicationContext
2020-09-15 17:16:04.760  INFO 5728 --- [    Test worker] o.s.web.context.ContextLoader            : Root WebApplicationContext: initialization completed in 669 ms
2020-09-15 17:16:04.917  INFO 5728 --- [    Test worker] com.zaxxer.hikari.HikariDataSource       : HikariPool-2 - Starting...
2020-09-15 17:16:04.918  INFO 5728 --- [    Test worker] com.zaxxer.hikari.HikariDataSource       : HikariPool-2 - Start completed.
2020-09-15 17:16:04.949  INFO 5728 --- [    Test worker] o.hibernate.jpa.internal.util.LogHelper  : HHH000204: Processing PersistenceUnitInfo [
	name: default
	...]
2020-09-15 17:16:04.957  INFO 5728 --- [    Test worker] org.hibernate.dialect.Dialect            : HHH000400: Using dialect: org.hibernate.dialect.MySQL5InnoDBDialect
Hibernate: drop table if exists posts
Hibernate: drop table if exists user
Hibernate: create table posts (id bigint not null auto_increment, created_date datetime, modified_date datetime, author varchar(255), content TEXT not null, title varchar(500) not null, primary key (id)) engine=InnoDB
Hibernate: create table user (id bigint not null auto_increment, created_date datetime, modified_date datetime, email varchar(255) not null, name varchar(255) not null, picture varchar(255), role varchar(255) not null, primary key (id)) engine=InnoDB
2020-09-15 17:16:05.005  INFO 5728 --- [    Test worker] o.h.t.schema.internal.SchemaCreatorImpl  : HHH000476: Executing import script 'org.hibernate.tool.schema.internal.exec.ScriptSourceInputNonExistentImpl@42f8317f'
2020-09-15 17:16:05.005  INFO 5728 --- [    Test worker] j.LocalContainerEntityManagerFactoryBean : Initialized JPA EntityManagerFactory for persistence unit 'default'
2020-09-15 17:16:05.291  INFO 5728 --- [    Test worker] o.h.h.i.QueryTranslatorFactoryInitiator  : HHH000397: Using ASTQueryTranslatorFactory
2020-09-15 17:16:05.423  INFO 5728 --- [    Test worker] o.s.s.web.DefaultSecurityFilterChain     : Creating filter chain: any request, [org.springframework.security.web.context.request.async.WebAsyncManagerIntegrationFilter@1948f6a2, org.springframework.security.web.context.SecurityContextPersistenceFilter@2b661b52, org.springframework.security.web.header.HeaderWriterFilter@3ba289f1, org.springframework.security.web.authentication.logout.LogoutFilter@6fd6ff46, org.springframework.security.oauth2.client.web.OAuth2AuthorizationRequestRedirectFilter@636c3ab7, org.springframework.security.oauth2.client.web.OAuth2LoginAuthenticationFilter@348e6c25, org.springframework.security.web.authentication.ui.DefaultLoginPageGeneratingFilter@74f1c601, org.springframework.security.web.authentication.ui.DefaultLogoutPageGeneratingFilter@209d4bea, org.springframework.security.web.savedrequest.RequestCacheAwareFilter@258d5447, org.springframework.security.web.servletapi.SecurityContextHolderAwareRequestFilter@acfbc06, org.springframework.security.web.authentication.AnonymousAuthenticationFilter@22a664cc, org.springframework.security.web.session.SessionManagementFilter@6df03f5, org.springframework.security.web.access.ExceptionTranslationFilter@761f0f46, org.springframework.security.web.access.intercept.FilterSecurityInterceptor@533d5a23]
2020-09-15 17:16:05.596  INFO 5728 --- [    Test worker] o.s.s.concurrent.ThreadPoolTaskExecutor  : Initializing ExecutorService 'applicationTaskExecutor'
2020-09-15 17:16:05.610  WARN 5728 --- [    Test worker] aWebConfiguration$JpaWebMvcConfiguration : spring.jpa.open-in-view is enabled by default. Therefore, database queries may be performed during view rendering. Explicitly configure spring.jpa.open-in-view to disable this warning
2020-09-15 17:16:05.646  INFO 5728 --- [    Test worker] o.s.b.a.w.s.WelcomePageHandlerMapping    : Adding welcome page template: index
2020-09-15 17:16:05.902  INFO 5728 --- [    Test worker] s.a.ScheduledAnnotationBeanPostProcessor : No TaskScheduler/ScheduledExecutorService bean found for scheduled processing
2020-09-15 17:16:05.918  INFO 5728 --- [    Test worker] o.s.b.w.embedded.tomcat.TomcatWebServer  : Tomcat started on port(s): 9560 (http) with context path ''
2020-09-15 17:16:05.919  INFO 5728 --- [    Test worker] c.g.b.s.web.IndexControllerTest          : Started IndexControllerTest in 1.857 seconds (JVM running for 8.817)
2020-09-15 17:16:06.010  INFO 5728 --- [o-auto-1-exec-1] o.a.c.c.C.[Tomcat].[localhost].[/]       : Initializing Spring DispatcherServlet 'dispatcherServlet'
2020-09-15 17:16:06.010  INFO 5728 --- [o-auto-1-exec-1] o.s.web.servlet.DispatcherServlet        : Initializing Servlet 'dispatcherServlet'
2020-09-15 17:16:06.029  INFO 5728 --- [o-auto-1-exec-1] o.s.web.servlet.DispatcherServlet        : Completed initialization in 19 ms
Hibernate: select posts0_.id as id1_0_, posts0_.created_date as created_2_0_, posts0_.modified_date as modified3_0_, posts0_.author as author4_0_, posts0_.content as content5_0_, posts0_.title as title6_0_ from posts posts0_ order by posts0_.id DESC
]]></system-out>
  <system-err><![CDATA[]]></system-err>
</testsuite>
